proguard/mapping.txt
org.spongycastle.jcajce.provider.symmetric.XTEA$ECB -> org.spongycastle.jcajce.provider.symmetric.XTEA$ECB:
org.spongycastle.jcajce.provider.symmetric.XTEA$KeyGen -> org.spongycastle.jcajce.provider.symmetric.XTEA$KeyGen:
org.spongycastle.jcajce.provider.symmetric.XTEA$Mappings -> org.spongycastle.jcajce.provider.symmetric.XTEA$Mappings:
    java.lang.String PREFIX -> PREFIX
    void configure(org.spongycastle.jcajce.provider.config.ConfigurableProvider) -> configure
org.spongycastle.jcajce.provider.symmetric.util.BCPBEKey -> org.spongycastle.jcajce.provider.symmetric.util.BCPBEKey:
    java.lang.String algorithm -> algorithm
    org.spongycastle.asn1.ASN1ObjectIdentifier oid -> oid
    int type -> type
    int digest -> digest
    int keySize -> keySize
    int ivSize -> ivSize
    org.spongycastle.crypto.CipherParameters param -> param
    javax.crypto.spec.PBEKeySpec pbeKeySpec -> pbeKeySpec
    boolean tryWrong -> tryWrong
    java.lang.String getAlgorithm() -> getAlgorithm
    java.lang.String getFormat() -> getFormat
    byte[] getEncoded() -> getEncoded
    int getType() -> getType
    int getDigest() -> getDigest
    int getKeySize() -> getKeySize
    int getIvSize() -> getIvSize
    org.spongycastle.crypto.CipherParameters getParam() -> getParam
    char[] getPassword() -> getPassword
    byte[] getSalt() -> getSalt
    int getIterationCount() -> getIterationCount
    org.spongycastle.asn1.ASN1ObjectIdentifier getOID() -> getOID
    void setTryWrongPKCS12Zero(boolean) -> setTryWrongPKCS12Zero
    boolean shouldTryWrongPKCS12() -> shouldTryWrongPKCS12
org.spongycastle.jcajce.provider.symmetric.util.BaseAlgorithmParameterGenerator -> org.spongycastle.jcajce.provider.symmetric.util.BaseAlgorithmParameterGenerator:
    java.security.SecureRandom random -> random
    int strength -> strength
    void engineInit(int,java.security.SecureRandom) -> engineInit
org.spongycastle.jcajce.provider.symmetric.util.BaseAlgorithmParameters -> org.spongycastle.jcajce.provider.symmetric.util.BaseAlgorithmParameters:
    boolean isASN1FormatString(java.lang.String) -> isASN1FormatString
    java.security.spec.AlgorithmParameterSpec engineGetParameterSpec(java.lang.Class) -> engineGetParameterSpec
    java.security.spec.AlgorithmParameterSpec localEngineGetParameterSpec(java.lang.Class) -> localEngineGetParameterSpec
org.spongycastle.jcajce.provider.symmetric.util.BaseBlockCipher -> org.spongycastle.jcajce.provider.symmetric.util.BaseBlockCipher:
    java.lang.Class gcmSpecClass -> gcmSpecClass
    java.lang.Class[] availableSpecs -> availableSpecs
    org.spongycastle.crypto.BlockCipher baseEngine -> baseEngine
    org.spongycastle.jcajce.provider.symmetric.util.BlockCipherProvider engineProvider -> engineProvider
    org.spongycastle.jcajce.provider.symmetric.util.BaseBlockCipher$GenericBlockCipher cipher -> cipher
    org.spongycastle.crypto.params.ParametersWithIV ivParam -> ivParam
    org.spongycastle.crypto.params.AEADParameters aeadParams -> aeadParams
    int ivLength -> ivLength
    boolean padded -> padded
    javax.crypto.spec.PBEParameterSpec pbeSpec -> pbeSpec
    java.lang.String pbeAlgorithm -> pbeAlgorithm
    java.lang.String modeName -> modeName
    java.lang.Class lookup(java.lang.String) -> lookup
    int engineGetBlockSize() -> engineGetBlockSize
    byte[] engineGetIV() -> engineGetIV
    int engineGetKeySize(java.security.Key) -> engineGetKeySize
    int engineGetOutputSize(int) -> engineGetOutputSize
    java.security.AlgorithmParameters engineGetParameters() -> engineGetParameters
    void engineSetMode(java.lang.String) -> engineSetMode
    void engineSetPadding(java.lang.String) -> engineSetPadding
    void engineInit(int,java.security.Key,java.security.spec.AlgorithmParameterSpec,java.security.SecureRandom) -> engineInit