proguard/usage.txt
android.support.v4.graphics.drawable.DrawableWrapperLollipop
android.support.v4.graphics.drawable.RoundedBitmapDrawable
android.support.v4.graphics.drawable.RoundedBitmapDrawable21
android.support.v4.graphics.drawable.RoundedBitmapDrawableFactory
android.support.v4.graphics.drawable.RoundedBitmapDrawableFactory$DefaultRoundedBitmapDrawable
android.support.v4.hardware.display.DisplayManagerCompat
android.support.v4.hardware.display.DisplayManagerCompat$JellybeanMr1Impl
android.support.v4.hardware.display.DisplayManagerCompat$LegacyImpl
android.support.v4.hardware.display.DisplayManagerJellybeanMr1
android.support.v4.hardware.fingerprint.FingerprintManagerCompat
android.support.v4.hardware.fingerprint.FingerprintManagerCompat$Api23FingerprintManagerCompatImpl
android.support.v4.hardware.fingerprint.FingerprintManagerCompat$Api23FingerprintManagerCompatImpl$1
android.support.v4.hardware.fingerprint.FingerprintManagerCompat$AuthenticationCallback
android.support.v4.hardware.fingerprint.FingerprintManagerCompat$AuthenticationResult
android.support.v4.hardware.fingerprint.FingerprintManagerCompat$CryptoObject
android.support.v4.hardware.fingerprint.FingerprintManagerCompat$FingerprintManagerCompatImpl
android.support.v4.hardware.fingerprint.FingerprintManagerCompat$LegacyFingerprintManagerCompatImpl
android.support.v4.hardware.fingerprint.FingerprintManagerCompatApi23
android.support.v4.hardware.fingerprint.FingerprintManagerCompatApi23$1
android.support.v4.hardware.fingerprint.FingerprintManagerCompatApi23$AuthenticationCallback
android.support.v4.hardware.fingerprint.FingerprintManagerCompatApi23$AuthenticationResultInternal
android.support.v4.hardware.fingerprint.FingerprintManagerCompatApi23$CryptoObject
android.support.v4.internal.view.SupportMenu
android.support.v4.internal.view.SupportMenuItem
android.support.v4.internal.view.SupportSubMenu
android.support.v4.media.IMediaBrowserServiceCompat
android.support.v4.media.IMediaBrowserServiceCompat$Stub
android.support.v4.media.IMediaBrowserServiceCompat$Stub$Proxy
android.support.v4.media.IMediaBrowserServiceCompatCallbacks
android.support.v4.media.IMediaBrowserServiceCompatCallbacks$Stub
android.support.v4.media.IMediaBrowserServiceCompatCallbacks$Stub$Proxy
android.support.v4.media.MediaBrowserCompat:
    private final android.support.v4.media.MediaBrowserCompat$MediaBrowserImplBase mImpl
    69:71:public MediaBrowserCompat(android.content.Context,android.content.ComponentName,android.support.v4.media.MediaBrowserCompat$ConnectionCallback,android.os.Bundle)
    81:82:public void connect()
    89:90:public void disconnect()
    96:96:public boolean isConnected()
    104:104:public android.content.ComponentName getServiceComponent()
    117:117:public java.lang.String getRoot()
    127:127:public android.os.Bundle getExtras()
    142:142:public android.support.v4.media.session.MediaSessionCompat$Token getSessionToken()
    164:165:public void subscribe(java.lang.String,android.support.v4.media.MediaBrowserCompat$SubscriptionCallback)
    178:179:public void unsubscribe(java.lang.String)
    190:191:public void getItem(java.lang.String,android.support.v4.media.MediaBrowserCompat$ItemCallback)
android.support.v4.media.MediaBrowserCompat$ConnectionCallback
android.support.v4.media.MediaBrowserCompat$ItemCallback:
    369:369:public MediaBrowserCompat$ItemCallback()